#
# There is insufficient memory for the Java Runtime Environment to continue.
# Native memory allocation (malloc) failed to allocate 1067536 bytes for Chunk::new
# Possible reasons:
#   The system is out of physical RAM or swap space
#   The process is running with CompressedOops enabled, and the Java Heap may be blocking the growth of the native heap
# Possible solutions:
#   Reduce memory load on the system
#   Increase physical memory or swap space
#   Check if swap backing store is full
#   Decrease Java heap size (-Xmx/-Xms)
#   Decrease number of Java threads
#   Decrease Java thread stack sizes (-Xss)
#   Set larger code cache with -XX:ReservedCodeCacheSize=
#   JVM is running with Unscaled Compressed Oops mode in which the Java heap is
#     placed in the first 4GB address space. The Java Heap base address is the
#     maximum limit for the native heap growth. Please use -XX:HeapBaseMinAddress
#     to set the Java Heap base and to place the Java Heap above 4GB virtual address.
# This output file may be truncated or incomplete.
#
#  Out of Memory Error (./src/hotspot/share/memory/arena.cpp:197), pid=27540, tid=6932
#
# JRE version: OpenJDK Runtime Environment (11.0.12+7) (build 11.0.12+7-b1504.28-7817840)
# Java VM: OpenJDK 64-Bit Server VM (11.0.12+7-b1504.28-7817840, mixed mode, tiered, compressed oops, g1 gc, windows-amd64)
# No core dump will be written. Minidumps are not enabled by default on client versions of Windows
#

---------------  S U M M A R Y ------------

Command Line: --add-opens=java.base/java.util=ALL-UNNAMED --add-opens=java.base/java.lang=ALL-UNNAMED --add-opens=java.base/java.lang.invoke=ALL-UNNAMED --add-opens=java.base/java.util=ALL-UNNAMED --add-opens=java.prefs/java.util.prefs=ALL-UNNAMED --add-opens=java.prefs/java.util.prefs=ALL-UNNAMED --add-opens=java.base/java.nio.charset=ALL-UNNAMED --add-opens=java.base/java.net=ALL-UNNAMED --add-opens=java.base/java.util.concurrent.atomic=ALL-UNNAMED -Xmx2048m -Dfile.encoding=UTF-8 -Duser.country=US -Duser.language=en -Duser.variant org.gradle.launcher.daemon.bootstrap.GradleDaemon 7.3.3

Host: Intel(R) Core(TM) i7-8750H CPU @ 2.20GHz, 12 cores, 7G,  Windows 10 , 64 bit Build 22000 (10.0.22000.708)
Time: Sun Jun 26 23:20:07 2022 Arab Standard Time elapsed time: 50.901537 seconds (0d 0h 0m 50s)

---------------  T H R E A D  ---------------

Current thread (0x000001866a1e4800):  JavaThread "C2 CompilerThread0" daemon [_thread_in_native, id=6932, stack(0x0000005e9c600000,0x0000005e9c700000)]


Current CompileTask:
C2:  50901 3528       4       java.util.regex.Pattern::compile (498 bytes)

Stack: [0x0000005e9c600000,0x0000005e9c700000]
Native frames: (J=compiled Java code, j=interpreted, Vv=VM code, C=native code)
V  [jvm.dll+0x5fbcea]
V  [jvm.dll+0x731905]
V  [jvm.dll+0x732f1d]
V  [jvm.dll+0x7335d3]
V  [jvm.dll+0x247bf8]
V  [jvm.dll+0xc018c]
V  [jvm.dll+0xc06cc]
V  [jvm.dll+0x35b31d]
V  [jvm.dll+0x328803]
V  [jvm.dll+0x327cfa]
V  [jvm.dll+0x200602]
V  [jvm.dll+0x1ff794]
V  [jvm.dll+0x18868c]
V  [jvm.dll+0x20e0d7]
V  [jvm.dll+0x20c901]
V  [jvm.dll+0x6f9b7f]
V  [jvm.dll+0x6f26a5]
V  [jvm.dll+0x5fabf6]
C  [ucrtbase.dll+0x26c0c]
C  [KERNEL32.DLL+0x154e0]
C  [ntdll.dll+0x485b]


---------------  P R O C E S S  ---------------

Threads class SMR info:
_java_thread_list=0x000001866c9b7d80, length=42, elements={
0x000001864efa5000, 0x000001866986c800, 0x0000018669879800, 0x000001866988d800,
0x000001866988e800, 0x0000018669891800, 0x000001866a1e4800, 0x000001866a1f2800,
0x0000018669899000, 0x000001866a353000, 0x000001866be01800, 0x000001866b8d5000,
0x000001866ad3f000, 0x000001866ad40000, 0x000001866b45d800, 0x000001866b45e800,
0x000001866b280000, 0x000001866b280800, 0x000001866b065800, 0x000001866bcc5000,
0x000001866bcc6000, 0x000001866bcc2000, 0x000001866bcc7000, 0x000001866bcc7800,
0x000001866bcc4800, 0x000001866bcc8800, 0x000001866bcc2800, 0x000001866bcc3800,
0x000001866bedf800, 0x000001866bee0000, 0x000001866bee1000, 0x000001866bee2800,
0x000001866bee6000, 0x000001866bee7800, 0x000001866bee3800, 0x000001866bee6800,
0x000001866bee5000, 0x000001866bee1800, 0x000001866bee8800, 0x000001866bee9000,
0x000001866bee4000, 0x000001866beed000
}

Java Threads: ( => current thread )
  0x000001864efa5000 JavaThread "main" [_thread_blocked, id=28612, stack(0x0000005e9ba00000,0x0000005e9bb00000)]
  0x000001866986c800 JavaThread "Reference Handler" daemon [_thread_blocked, id=24556, stack(0x0000005e9c100000,0x0000005e9c200000)]
  0x0000018669879800 JavaThread "Finalizer" daemon [_thread_blocked, id=31656, stack(0x0000005e9c200000,0x0000005e9c300000)]
  0x000001866988d800 JavaThread "Signal Dispatcher" daemon [_thread_blocked, id=20964, stack(0x0000005e9c300000,0x0000005e9c400000)]
  0x000001866988e800 JavaThread "Attach Listener" daemon [_thread_blocked, id=3908, stack(0x0000005e9c400000,0x0000005e9c500000)]
  0x0000018669891800 JavaThread "Service Thread" daemon [_thread_blocked, id=9700, stack(0x0000005e9c500000,0x0000005e9c600000)]
=>0x000001866a1e4800 JavaThread "C2 CompilerThread0" daemon [_thread_in_native, id=6932, stack(0x0000005e9c600000,0x0000005e9c700000)]
  0x000001866a1f2800 JavaThread "C1 CompilerThread0" daemon [_thread_blocked, id=3616, stack(0x0000005e9c700000,0x0000005e9c800000)]
  0x0000018669899000 JavaThread "Sweeper thread" daemon [_thread_blocked, id=21272, stack(0x0000005e9c800000,0x0000005e9c900000)]
  0x000001866a353000 JavaThread "Common-Cleaner" daemon [_thread_blocked, id=10776, stack(0x0000005e9c900000,0x0000005e9ca00000)]
  0x000001866be01800 JavaThread "Daemon health stats" [_thread_blocked, id=26952, stack(0x0000005e9cd00000,0x0000005e9ce00000)]
  0x000001866b8d5000 JavaThread "Incoming local TCP Connector on port 61639" [_thread_in_native, id=28192, stack(0x0000005e9ce00000,0x0000005e9cf00000)]
  0x000001866ad3f000 JavaThread "Daemon periodic checks" [_thread_blocked, id=25784, stack(0x0000005e9cf00000,0x0000005e9d000000)]
  0x000001866ad40000 JavaThread "Daemon" [_thread_blocked, id=22188, stack(0x0000005e9d000000,0x0000005e9d100000)]
  0x000001866b45d800 JavaThread "Handler for socket connection from /127.0.0.1:61639 to /127.0.0.1:61640" [_thread_in_native, id=9300, stack(0x0000005e9d100000,0x0000005e9d200000)]
  0x000001866b45e800 JavaThread "Cancel handler" [_thread_blocked, id=32304, stack(0x0000005e9d200000,0x0000005e9d300000)]
  0x000001866b280000 JavaThread "Daemon worker" [_thread_in_vm, id=29748, stack(0x0000005e9d300000,0x0000005e9d400000)]
  0x000001866b280800 JavaThread "Asynchronous log dispatcher for DefaultDaemonConnection: socket connection from /127.0.0.1:61639 to /127.0.0.1:61640" [_thread_blocked, id=12648, stack(0x0000005e9d400000,0x0000005e9d500000)]
  0x000001866b065800 JavaThread "Stdin handler" [_thread_blocked, id=28204, stack(0x0000005e9d500000,0x0000005e9d600000)]
  0x000001866bcc5000 JavaThread "Daemon client event forwarder" [_thread_blocked, id=21688, stack(0x0000005e9d600000,0x0000005e9d700000)]
  0x000001866bcc6000 JavaThread "Cache worker for journal cache (C:\Users\noof3\.gradle\caches\journal-1)" [_thread_blocked, id=14812, stack(0x0000005e9de00000,0x0000005e9df00000)]
  0x000001866bcc2000 JavaThread "File lock request listener" [_thread_in_native, id=15088, stack(0x0000005e9df00000,0x0000005e9e000000)]
  0x000001866bcc7000 JavaThread "Cache worker for file hash cache (C:\Users\noof3\.gradle\caches\7.3.3\fileHashes)" [_thread_blocked, id=9156, stack(0x0000005e9e200000,0x0000005e9e300000)]
  0x000001866bcc7800 JavaThread "Cache worker for file hash cache (C:\Users\noof3\AndroidStudioProjects\PokmonProject\.gradle\7.3.3\fileHashes)" [_thread_blocked, id=21080, stack(0x0000005e9e300000,0x0000005e9e400000)]
  0x000001866bcc4800 JavaThread "File watcher server" daemon [_thread_in_native, id=15788, stack(0x0000005e9e400000,0x0000005e9e500000)]
  0x000001866bcc8800 JavaThread "File watcher consumer" daemon [_thread_blocked, id=29232, stack(0x0000005e9e500000,0x0000005e9e600000)]
  0x000001866bcc2800 JavaThread "jar transforms" [_thread_blocked, id=29616, stack(0x0000005e9e600000,0x0000005e9e700000)]
  0x000001866bcc3800 JavaThread "jar transforms Thread 2" [_thread_blocked, id=9352, stack(0x0000005e9e700000,0x0000005e9e800000)]
  0x000001866bedf800 JavaThread "jar transforms Thread 3" [_thread_blocked, id=7724, stack(0x0000005e9e800000,0x0000005e9e900000)]
  0x000001866bee0000 JavaThread "jar transforms Thread 4" [_thread_blocked, id=26848, stack(0x0000005e9e900000,0x0000005e9ea00000)]
  0x000001866bee1000 JavaThread "jar transforms Thread 5" [_thread_blocked, id=25480, stack(0x0000005e9ea00000,0x0000005e9eb00000)]
  0x000001866bee2800 JavaThread "jar transforms Thread 6" [_thread_blocked, id=27348, stack(0x0000005e9eb00000,0x0000005e9ec00000)]
  0x000001866bee6000 JavaThread "jar transforms Thread 7" [_thread_blocked, id=1764, stack(0x0000005e9ec00000,0x0000005e9ed00000)]
  0x000001866bee7800 JavaThread "jar transforms Thread 8" [_thread_blocked, id=10176, stack(0x0000005e9ed00000,0x0000005e9ee00000)]
  0x000001866bee3800 JavaThread "jar transforms Thread 9" [_thread_blocked, id=21552, stack(0x0000005e9ee00000,0x0000005e9ef00000)]
  0x000001866bee6800 JavaThread "jar transforms Thread 10" [_thread_blocked, id=32764, stack(0x0000005e9ef00000,0x0000005e9f000000)]
  0x000001866bee5000 JavaThread "jar transforms Thread 11" [_thread_blocked, id=11852, stack(0x0000005e9f000000,0x0000005e9f100000)]
  0x000001866bee1800 JavaThread "jar transforms Thread 12" [_thread_blocked, id=3060, stack(0x0000005e9f100000,0x0000005e9f200000)]
  0x000001866bee8800 JavaThread "Cache worker for checksums cache (C:\Users\noof3\AndroidStudioProjects\PokmonProject\.gradle\7.3.3\checksums)" [_thread_blocked, id=14516, stack(0x0000005e9f200000,0x0000005e9f300000)]
  0x000001866bee9000 JavaThread "Cache worker for cache directory md-supplier (C:\Users\noof3\.gradle\caches\7.3.3\md-supplier)" [_thread_blocked, id=7520, stack(0x0000005e9f300000,0x0000005e9f400000)]
  0x000001866bee4000 JavaThread "Cache worker for cache directory md-rule (C:\Users\noof3\.gradle\caches\7.3.3\md-rule)" [_thread_blocked, id=8548, stack(0x0000005e9f400000,0x0000005e9f500000)]
  0x000001866beed000 JavaThread "Cache worker for execution history cache (C:\Users\noof3\.gradle\caches\7.3.3\executionHistory)" [_thread_blocked, id=17756, stack(0x0000005e9f500000,0x0000005e9f600000)]

Other Threads:
  0x000001866986a000 VMThread "VM Thread" [stack: 0x0000005e9c000000,0x0000005e9c100000] [id=24324]
  0x000001866a369000 WatcherThread [stack: 0x0000005e9ca00000,0x0000005e9cb00000] [id=32068]
  0x000001864efb9800 GCTaskThread "GC Thread#0" [stack: 0x0000005e9bb00000,0x0000005e9bc00000] [id=6028]
  0x000001866a79c800 GCTaskThread "GC Thread#1" [stack: 0x0000005e9cb00000,0x0000005e9cc00000] [id=26560]
  0x000001866ad89000 GCTaskThread "GC Thread#2" [stack: 0x0000005e9cc00000,0x0000005e9cd00000] [id=32752]
  0x000001866a539000 GCTaskThread "GC Thread#3" [stack: 0x0000005e9d700000,0x0000005e9d800000] [id=17148]
  0x000001866b9d2800 GCTaskThread "GC Thread#4" [stack: 0x0000005e9d800000,0x0000005e9d900000] [id=11692]
  0x000001866b867000 GCTaskThread "GC Thread#5" [stack: 0x0000005e9d900000,0x0000005e9da00000] [id=14280]
  0x000001866b86a000 GCTaskThread "GC Thread#6" [stack: 0x0000005e9da00000,0x0000005e9db00000] [id=25728]
  0x000001866acee800 GCTaskThread "GC Thread#7" [stack: 0x0000005e9db00000,0x0000005e9dc00000] [id=19676]
  0x000001866b066800 GCTaskThread "GC Thread#8" [stack: 0x0000005e9dc00000,0x0000005e9dd00000] [id=12768]
  0x000001866ba2c000 GCTaskThread "GC Thread#9" [stack: 0x0000005e9dd00000,0x0000005e9de00000] [id=7328]
  0x000001864efed800 ConcurrentGCThread "G1 Main Marker" [stack: 0x0000005e9bc00000,0x0000005e9bd00000] [id=16928]
  0x000001864efee800 ConcurrentGCThread "G1 Conc#0" [stack: 0x0000005e9bd00000,0x0000005e9be00000] [id=15364]
  0x000001866b1db000 ConcurrentGCThread "G1 Conc#1" [stack: 0x0000005e9e000000,0x0000005e9e100000] [id=24248]
  0x000001866a56a000 ConcurrentGCThread "G1 Conc#2" [stack: 0x0000005e9e100000,0x0000005e9e200000] [id=12656]
  0x00000186696c1800 ConcurrentGCThread "G1 Refine#0" [stack: 0x0000005e9be00000,0x0000005e9bf00000] [id=23792]
  0x000001864f07b800 ConcurrentGCThread "G1 Young RemSet Sampling" [stack: 0x0000005e9bf00000,0x0000005e9c000000] [id=22800]

Threads with active compile tasks:
C2 CompilerThread0  51069 3528       4       java.util.regex.Pattern::compile (498 bytes)

VM state:not at safepoint (normal execution)

VM Mutex/Monitor currently owned by a thread: None

Heap address: 0x0000000080000000, size: 2048 MB, Compressed Oops mode: 32-bit
Narrow klass base: 0x0000000000000000, Narrow klass shift: 3
Compressed class space size: 1073741824 Address: 0x0000000100000000

Heap:
 garbage-first heap   total 129024K, used 70197K [0x0000000080000000, 0x0000000100000000)
  region size 1024K, 38 young (38912K), 2 survivors (2048K)
 Metaspace       used 39491K, capacity 40569K, committed 40704K, reserved 1085440K
  class space    used 5121K, capacity 5512K, committed 5632K, reserved 1048576K
Heap Regions: E=young(eden), S=young(survivor), O=old, HS=humongous(starts), HC=humongous(continues), CS=collection set, F=free, A=archive, TAMS=top-at-mark-start (previous, next)
|   0|0x0000000080000000, 0x0000000080100000, 0x0000000080100000|100%| O|  |TAMS 0x0000000080100000, 0x0000000080000000| Untracked 
|   1|0x0000000080100000, 0x0000000080200000, 0x0000000080200000|100%| O|  |TAMS 0x0000000080200000, 0x0000000080100000| Untracked 
|   2|0x0000000080200000, 0x0000000080300000, 0x0000000080300000|100%| O|  |TAMS 0x0000000080300000, 0x0000000080200000| Untracked 
|   3|0x0000000080300000, 0x0000000080400000, 0x0000000080400000|100%|HS|  |TAMS 0x0000000080400000, 0x0000000080300000| Complete 
|   4|0x0000000080400000, 0x0000000080500000, 0x0000000080500000|100%|HC|  |TAMS 0x0000000080500000, 0x0000000080400000| Complete 
|   5|0x0000000080500000, 0x0000000080600000, 0x0000000080600000|100%|HC|  |TAMS 0x0000000080600000, 0x0000000080500000| Complete 
|   6|0x0000000080600000, 0x0000000080700000, 0x0000000080700000|100%| O|  |TAMS 0x0000000080700000, 0x0000000080600000| Untracked 
|   7|0x0000000080700000, 0x0000000080800000, 0x0000000080800000|100%| O|  |TAMS 0x0000000080800000, 0x0000000080700000| Untracked 
|   8|0x0000000080800000, 0x0000000080900000, 0x0000000080900000|100%| O|  |TAMS 0x0000000080900000, 0x0000000080800000| Untracked 
|   9|0x0000000080900000, 0x0000000080a00000, 0x0000000080a00000|100%| O|  |TAMS 0x0000000080a00000, 0x0000000080900000| Untracked 
|  10|0x0000000080a00000, 0x0000000080b00000, 0x0000000080b00000|100%| O|  |TAMS 0x0000000080b00000, 0x0000000080a00000| Untracked 
|  11|0x0000000080b00000, 0x0000000080c00000, 0x0000000080c00000|100%| O|  |TAMS 0x0000000080c00000, 0x0000000080b00000| Untracked 
|  12|0x0000000080c00000, 0x0000000080d00000, 0x0000000080d00000|100%| O|  |TAMS 0x0000000080d00000, 0x0000000080c00000| Untracked 
|  13|0x0000000080d00000, 0x0000000080e00000, 0x0000000080e00000|100%| O|  |TAMS 0x0000000080e00000, 0x0000000080d00000| Untracked 
|  14|0x0000000080e00000, 0x0000000080f00000, 0x0000000080f00000|100%| O|  |TAMS 0x0000000080f00000, 0x0000000080e00000| Untracked 
|  15|0x0000000080f00000, 0x0000000081000000, 0x0000000081000000|100%| O|  |TAMS 0x0000000081000000, 0x0000000080f00000| Untracked 
|  16|0x0000000081000000, 0x0000000081100000, 0x0000000081100000|100%|HS|  |TAMS 0x0000000081100000, 0x0000000081000000| Complete 
|  17|0x0000000081100000, 0x0000000081200000, 0x0000000081200000|100%|HC|  |TAMS 0x0000000081200000, 0x0000000081100000| Complete 
|  18|0x0000000081200000, 0x0000000081300000, 0x0000000081300000|100%|HS|  |TAMS 0x0000000081300000, 0x0000000081200000| Complete 
|  19|0x0000000081300000, 0x0000000081400000, 0x0000000081400000|100%|HC|  |TAMS 0x0000000081400000, 0x0000000081300000| Complete 
|  20|0x0000000081400000, 0x0000000081500000, 0x0000000081500000|100%|HC|  |TAMS 0x0000000081500000, 0x0000000081400000| Complete 
|  21|0x0000000081500000, 0x0000000081600000, 0x0000000081600000|100%|HS|  |TAMS 0x0000000081600000, 0x0000000081500000| Complete 
|  22|0x0000000081600000, 0x0000000081700000, 0x0000000081700000|100%|HS|  |TAMS 0x0000000081700000, 0x0000000081600000| Complete 
|  23|0x0000000081700000, 0x0000000081800000, 0x0000000081800000|100%|HC|  |TAMS 0x0000000081800000, 0x0000000081700000| Complete 
|  24|0x0000000081800000, 0x0000000081900000, 0x0000000081900000|100%|HC|  |TAMS 0x0000000081900000, 0x0000000081800000| Complete 
|  25|0x0000000081900000, 0x0000000081a00000, 0x0000000081a00000|100%|HC|  |TAMS 0x0000000081a00000, 0x0000000081900000| Complete 
|  26|0x0000000081a00000, 0x0000000081b00000, 0x0000000081b00000|100%| O|  |TAMS 0x0000000081b00000, 0x0000000081a00000| Untracked 
|  27|0x0000000081b00000, 0x0000000081c00000, 0x0000000081c00000|100%| O|  |TAMS 0x0000000081c00000, 0x0000000081b00000| Untracked 
|  28|0x0000000081c00000, 0x0000000081d00000, 0x0000000081d00000|100%| O|  |TAMS 0x0000000081d00000, 0x0000000081c00000| Untracked 
|  29|0x0000000081d00000, 0x0000000081e00000, 0x0000000081e00000|100%| O|  |TAMS 0x0000000081e00000, 0x0000000081d00000| Untracked 
|  30|0x0000000081e00000, 0x0000000081f00000, 0x0000000081f00000|100%| O|  |TAMS 0x0000000081f00000, 0x0000000081e00000| Untracked 
|  31|0x0000000081f00000, 0x0000000082000000, 0x0000000082000000|100%| O|  |TAMS 0x0000000082000000, 0x0000000081f00000| Untracked 
|  32|0x0000000082000000, 0x00000000820d0800, 0x0000000082100000| 81%| O|  |TAMS 0x00000000820d0800, 0x0000000082000000| Untracked 
|  33|0x0000000082100000, 0x0000000082100000, 0x0000000082200000|  0%| F|  |TAMS 0x0000000082100000, 0x0000000082100000| Untracked 
|  34|0x0000000082200000, 0x0000000082200000, 0x0000000082300000|  0%| F|  |TAMS 0x0000000082200000, 0x0000000082200000| Untracked 
|  35|0x0000000082300000, 0x0000000082300000, 0x0000000082400000|  0%| F|  |TAMS 0x0000000082300000, 0x0000000082300000| Untracked 
|  36|0x0000000082400000, 0x0000000082400000, 0x0000000082500000|  0%| F|  |TAMS 0x0000000082400000, 0x0000000082400000| Untracked 
|  37|0x0000000082500000, 0x0000000082500000, 0x0000000082600000|  0%| F|  |TAMS 0x0000000082500000, 0x0000000082500000| Untracked 
|  38|0x0000000082600000, 0x0000000082600000, 0x0000000082700000|  0%| F|  |TAMS 0x0000000082600000, 0x0000000082600000| Untracked 
|  39|0x0000000082700000, 0x0000000082700000, 0x0000000082800000|  0%| F|  |TAMS 0x0000000082700000, 0x0000000082700000| Untracked 
|  40|0x0000000082800000, 0x0000000082800000, 0x0000000082900000|  0%| F|  |TAMS 0x0000000082800000, 0x0000000082800000| Untracked 
|  41|0x0000000082900000, 0x0000000082900000, 0x0000000082a00000|  0%| F|  |TAMS 0x0000000082900000, 0x0000000082900000| Untracked 
|  42|0x0000000082a00000, 0x0000000082a00000, 0x0000000082b00000|  0%| F|  |TAMS 0x0000000082a00000, 0x0000000082a00000| Untracked 
|  43|0x0000000082b00000, 0x0000000082b00000, 0x0000000082c00000|  0%| F|  |TAMS 0x0000000082b00000, 0x0000000082b00000| Untracked 
|  44|0x0000000082c00000, 0x0000000082c00000, 0x0000000082d00000|  0%| F|  |TAMS 0x0000000082c00000, 0x0000000082c00000| Untracked 
|  45|0x0000000082d00000, 0x0000000082d00000, 0x0000000082e00000|  0%| F|  |TAMS 0x0000000082d00000, 0x0000000082d00000| Untracked 
|  46|0x0000000082e00000, 0x0000000082e00000, 0x0000000082f00000|  0%| F|  |TAMS 0x0000000082e00000, 0x0000000082e00000| Untracked 
|  47|0x0000000082f00000, 0x0000000082f00000, 0x0000000083000000|  0%| F|  |TAMS 0x0000000082f00000, 0x0000000082f00000| Untracked 
|  48|0x0000000083000000, 0x0000000083000000, 0x0000000083100000|  0%| F|  |TAMS 0x0000000083000000, 0x0000000083000000| Untracked 
|  49|0x0000000083100000, 0x0000000083100000, 0x0000000083200000|  0%| F|  |TAMS 0x0000000083100000, 0x0000000083100000| Untracked 
|  50|0x0000000083200000, 0x0000000083200000, 0x0000000083300000|  0%| F|  |TAMS 0x0000000083200000, 0x0000000083200000| Untracked 
|  51|0x0000000083300000, 0x0000000083300000, 0x0000000083400000|  0%| F|  |TAMS 0x0000000083300000, 0x0000000083300000| Untracked 
|  52|0x0000000083400000, 0x0000000083400000, 0x0000000083500000|  0%| F|  |TAMS 0x0000000083400000, 0x0000000083400000| Untracked 
|  53|0x0000000083500000, 0x0000000083500000, 0x0000000083600000|  0%| F|  |TAMS 0x0000000083500000, 0x0000000083500000| Untracked 
|  54|0x0000000083600000, 0x0000000083600000, 0x0000000083700000|  0%| F|  |TAMS 0x0000000083600000, 0x0000000083600000| Untracked 
|  55|0x0000000083700000, 0x0000000083700000, 0x0000000083800000|  0%| F|  |TAMS 0x0000000083700000, 0x0000000083700000| Untracked 
|  56|0x0000000083800000, 0x0000000083800000, 0x0000000083900000|  0%| F|  |TAMS 0x0000000083800000, 0x0000000083800000| Untracked 
|  57|0x0000000083900000, 0x0000000083900000, 0x0000000083a00000|  0%| F|  |TAMS 0x0000000083900000, 0x0000000083900000| Untracked 
|  58|0x0000000083a00000, 0x0000000083a00000, 0x0000000083b00000|  0%| F|  |TAMS 0x0000000083a00000, 0x0000000083a00000| Untracked 
|  59|0x0000000083b00000, 0x0000000083b00000, 0x0000000083c00000|  0%| F|  |TAMS 0x0000000083b00000, 0x0000000083b00000| Untracked 
|  60|0x0000000083c00000, 0x0000000083c00000, 0x0000000083d00000|  0%| F|  |TAMS 0x0000000083c00000, 0x0000000083c00000| Untracked 
|  61|0x0000000083d00000, 0x0000000083d00000, 0x0000000083e00000|  0%| F|  |TAMS 0x0000000083d00000, 0x0000000083d00000| Untracked 
|  62|0x0000000083e00000, 0x0000000083e00000, 0x0000000083f00000|  0%| F|  |TAMS 0x0000000083e00000, 0x0000000083e00000| Untracked 
|  63|0x0000000083f00000, 0x0000000083f00000, 0x0000000084000000|  0%| F|  |TAMS 0x0000000083f00000, 0x0000000083f00000| Untracked 
|  64|0x0000000084000000, 0x0000000084000000, 0x0000000084100000|  0%| F|  |TAMS 0x0000000084000000, 0x0000000084000000| Untracked 
|  65|0x0000000084100000, 0x0000000084100000, 0x0000000084200000|  0%| F|  |TAMS 0x0000000084100000, 0x0000000084100000| Untracked 
|  66|0x0000000084200000, 0x0000000084200000, 0x0000000084300000|  0%| F|  |TAMS 0x0000000084200000, 0x0000000084200000| Untracked 
|  67|0x0000000084300000, 0x0000000084300000, 0x0000000084400000|  0%| F|  |TAMS 0x0000000084300000, 0x0000000084300000| Untracked 
|  68|0x0000000084400000, 0x0000000084400000, 0x0000000084500000|  0%| F|  |TAMS 0x0000000084400000, 0x0000000084400000| Untracked 
|  69|0x0000000084500000, 0x0000000084500000, 0x0000000084600000|  0%| F|  |TAMS 0x0000000084500000, 0x0000000084500000| Untracked 
|  70|0x0000000084600000, 0x0000000084600000, 0x0000000084700000|  0%| F|  |TAMS 0x0000000084600000, 0x0000000084600000| Untracked 
|  71|0x0000000084700000, 0x0000000084700000, 0x0000000084800000|  0%| F|  |TAMS 0x0000000084700000, 0x0000000084700000| Untracked 
|  72|0x0000000084800000, 0x0000000084800000, 0x0000000084900000|  0%| F|  |TAMS 0x0000000084800000, 0x0000000084800000| Untracked 
|  73|0x0000000084900000, 0x0000000084900000, 0x0000000084a00000|  0%| F|  |TAMS 0x0000000084900000, 0x0000000084900000| Untracked 
|  74|0x0000000084a00000, 0x0000000084a00000, 0x0000000084b00000|  0%| F|  |TAMS 0x0000000084a00000, 0x0000000084a00000| Untracked 
|  75|0x0000000084b00000, 0x0000000084b00000, 0x0000000084c00000|  0%| F|  |TAMS 0x0000000084b00000, 0x0000000084b00000| Untracked 
|  76|0x0000000084c00000, 0x0000000084c00000, 0x0000000084d00000|  0%| F|  |TAMS 0x0000000084c00000, 0x0000000084c00000| Untracked 
|  77|0x0000000084d00000, 0x0000000084d00000, 0x0000000084e00000|  0%| F|  |TAMS 0x0000000084d00000, 0x0000000084d00000| Untracked 
|  78|0x0000000084e00000, 0x0000000084e00000, 0x0000000084f00000|  0%| F|  |TAMS 0x0000000084e00000, 0x0000000084e00000| Untracked 
|  79|0x0000000084f00000, 0x0000000084f00000, 0x0000000085000000|  0%| F|  |TAMS 0x0000000084f00000, 0x0000000084f00000| Untracked 
|  80|0x0000000085000000, 0x0000000085000000, 0x0000000085100000|  0%| F|  |TAMS 0x0000000085000000, 0x0000000085000000| Untracked 
|  81|0x0000000085100000, 0x0000000085100000, 0x0000000085200000|  0%| F|  |TAMS 0x0000000085100000, 0x0000000085100000| Untracked 
|  82|0x0000000085200000, 0x0000000085200000, 0x0000000085300000|  0%| F|  |TAMS 0x0000000085200000, 0x0000000085200000| Untracked 
|  83|0x0000000085300000, 0x0000000085300000, 0x0000000085400000|  0%| F|  |TAMS 0x0000000085300000, 0x0000000085300000| Untracked 
|  84|0x0000000085400000, 0x0000000085400000, 0x0000000085500000|  0%| F|  |TAMS 0x0000000085400000, 0x0000000085400000| Untracked 
|  85|0x0000000085500000, 0x0000000085500000, 0x0000000085600000|  0%| F|  |TAMS 0x0000000085500000, 0x0000000085500000| Untracked 
|  86|0x0000000085600000, 0x0000000085600000, 0x0000000085700000|  0%| F|  |TAMS 0x0000000085600000, 0x0000000085600000| Untracked 
|  87|0x0000000085700000, 0x0000000085700000, 0x0000000085800000|  0%| F|  |TAMS 0x0000000085700000, 0x0000000085700000| Untracked 
|  88|0x0000000085800000, 0x0000000085880800, 0x0000000085900000| 50%| E|  |TAMS 0x0000000085800000, 0x0000000085800000| Complete 
|  89|0x0000000085900000, 0x0000000085a00000, 0x0000000085a00000|100%| E|CS|TAMS 0x0000000085900000, 0x0000000085900000| Complete 
|  90|0x0000000085a00000, 0x0000000085b00000, 0x0000000085b00000|100%| E|CS|TAMS 0x0000000085a00000, 0x0000000085a00000| Complete 
|  91|0x0000000085b00000, 0x0000000085c00000, 0x0000000085c00000|100%| E|CS|TAMS 0x0000000085b00000, 0x0000000085b00000| Complete 
|  92|0x0000000085c00000, 0x0000000085d00000, 0x0000000085d00000|100%| E|CS|TAMS 0x0000000085c00000, 0x0000000085c00000| Complete 
|  93|0x0000000085d00000, 0x0000000085e00000, 0x0000000085e00000|100%| E|CS|TAMS 0x0000000085d00000, 0x0000000085d00000| Complete 
|  94|0x0000000085e00000, 0x0000000085f00000, 0x0000000085f00000|100%| E|CS|TAMS 0x0000000085e00000, 0x0000000085e00000| Complete 
|  95|0x0000000085f00000, 0x0000000086000000, 0x0000000086000000|100%| E|CS|TAMS 0x0000000085f00000, 0x0000000085f00000| Complete 
|  96|0x0000000086000000, 0x0000000086100000, 0x0000000086100000|100%| E|CS|TAMS 0x0000000086000000, 0x0000000086000000| Complete 
|  97|0x0000000086100000, 0x0000000086200000, 0x0000000086200000|100%| E|CS|TAMS 0x0000000086100000, 0x0000000086100000| Complete 
|  98|0x0000000086200000, 0x0000000086300000, 0x0000000086300000|100%| E|CS|TAMS 0x0000000086200000, 0x0000000086200000| Complete 
|  99|0x0000000086300000, 0x0000000086400000, 0x0000000086400000|100%| E|CS|TAMS 0x0000000086300000, 0x0000000086300000| Complete 
| 100|0x0000000086400000, 0x0000000086500000, 0x0000000086500000|100%| E|CS|TAMS 0x0000000086400000, 0x0000000086400000| Complete 
| 101|0x0000000086500000, 0x0000000086600000, 0x0000000086600000|100%| E|CS|TAMS 0x0000000086500000, 0x0000000086500000| Complete 
| 102|0x0000000086600000, 0x0000000086700000, 0x0000000086700000|100%| E|CS|TAMS 0x0000000086600000, 0x0000000086600000| Complete 
| 103|0x0000000086700000, 0x00000000867bce50, 0x0000000086800000| 73%| S|CS|TAMS 0x0000000086700000, 0x0000000086700000| Complete 
| 104|0x0000000086800000, 0x0000000086900000, 0x0000000086900000|100%| S|CS|TAMS 0x0000000086800000, 0x0000000086800000| Complete 
| 105|0x0000000086900000, 0x0000000086a00000, 0x0000000086a00000|100%| E|CS|TAMS 0x0000000086900000, 0x0000000086900000| Complete 
| 106|0x0000000086a00000, 0x0000000086b00000, 0x0000000086b00000|100%| E|CS|TAMS 0x0000000086a00000, 0x0000000086a00000| Complete 
| 107|0x0000000086b00000, 0x0000000086c00000, 0x0000000086c00000|100%| E|CS|TAMS 0x0000000086b00000, 0x0000000086b00000| Complete 
| 108|0x0000000086c00000, 0x0000000086d00000, 0x0000000086d00000|100%| E|CS|TAMS 0x0000000086c00000, 0x0000000086c00000| Complete 
| 109|0x0000000086d00000, 0x0000000086e00000, 0x0000000086e00000|100%| E|CS|TAMS 0x0000000086d00000, 0x0000000086d00000| Complete 
| 110|0x0000000086e00000, 0x0000000086f00000, 0x0000000086f00000|100%| E|CS|TAMS 0x0000000086e00000, 0x0000000086e00000| Complete 
| 111|0x0000000086f00000, 0x0000000087000000, 0x0000000087000000|100%| E|CS|TAMS 0x0000000086f00000, 0x0000000086f00000| Complete 
| 112|0x0000000087000000, 0x0000000087100000, 0x0000000087100000|100%| E|CS|TAMS 0x0000000087000000, 0x0000000087000000| Complete 
| 113|0x0000000087100000, 0x0000000087200000, 0x0000000087200000|100%| E|  |TAMS 0x0000000087100000, 0x0000000087100000| Complete 
| 114|0x0000000087200000, 0x0000000087300000, 0x0000000087300000|100%| E|CS|TAMS 0x0000000087200000, 0x0000000087200000| Complete 
| 115|0x0000000087300000, 0x0000000087400000, 0x0000000087400000|100%| E|CS|TAMS 0x0000000087300000, 0x0000000087300000| Complete 
| 116|0x0000000087400000, 0x0000000087500000, 0x0000000087500000|100%| E|CS|TAMS 0x0000000087400000, 0x0000000087400000| Complete 
| 117|0x0000000087500000, 0x0000000087600000, 0x0000000087600000|100%| E|CS|TAMS 0x0000000087500000, 0x0000000087500000| Complete 
| 118|0x0000000087600000, 0x0000000087700000, 0x0000000087700000|100%| E|CS|TAMS 0x0000000087600000, 0x0000000087600000| Complete 
| 119|0x0000000087700000, 0x0000000087800000, 0x0000000087800000|100%| E|CS|TAMS 0x0000000087700000, 0x0000000087700000| Complete 
| 120|0x0000000087800000, 0x0000000087900000, 0x0000000087900000|100%| E|CS|TAMS 0x0000000087800000, 0x0000000087800000| Complete 
| 121|0x0000000087900000, 0x0000000087a00000, 0x0000000087a00000|100%| E|CS|TAMS 0x0000000087900000, 0x0000000087900000| Complete 
| 122|0x0000000087a00000, 0x0000000087b00000, 0x0000000087b00000|100%| E|CS|TAMS 0x0000000087a00000, 0x0000000087a00000| Complete 
| 123|0x0000000087b00000, 0x0000000087c00000, 0x0000000087c00000|100%| E|CS|TAMS 0x0000000087b00000, 0x0000000087b00000| Complete 
| 124|0x0000000087c00000, 0x0000000087d00000, 0x0000000087d00000|100%| E|CS|TAMS 0x0000000087c00000, 0x0000000087c00000| Complete 
| 125|0x0000000087d00000, 0x0000000087e00000, 0x0000000087e00000|100%| E|CS|TAMS 0x0000000087d00000, 0x0000000087d00000| Complete 

Card table byte_map: [0x0000018662400000,0x0000018662800000] _byte_map_base: 0x0000018662000000

Marking Bits (Prev, Next): (CMBitMap*) 0x000001864efe4878, (CMBitMap*) 0x000001864efe48b0
 Prev Bits: [0x0000018662c00000, 0x0000018664c00000)
 Next Bits: [0x0000018664c00000, 0x0000018666c00000)

Polling page: 0x000001864cf80000

Metaspace:

Usage:
  Non-class:     34.24 MB capacity,    33.56 MB ( 98%) used,   588.09 KB (  2%) free+waste,    98.38 KB ( <1%) overhead. 
      Class:      5.38 MB capacity,     5.00 MB ( 93%) used,   342.92 KB (  6%) free+waste,    47.50 KB ( <1%) overhead. 
       Both:     39.62 MB capacity,    38.57 MB ( 97%) used,   931.01 KB (  2%) free+waste,   145.88 KB ( <1%) overhead. 

Virtual space:
  Non-class space:       36.00 MB reserved,      34.25 MB ( 95%) committed 
      Class space:        1.00 GB reserved,       5.50 MB ( <1%) committed 
             Both:        1.04 GB reserved,      39.75 MB (  4%) committed 

Chunk freelists:
   Non-Class:  15.00 KB
       Class:  24.00 KB
        Both:  39.00 KB

MaxMetaspaceSize: 17179869184.00 GB
CompressedClassSpaceSize: 1.00 GB
Initial GC threshold: 20.80 MB
Current GC threshold: 58.75 MB
CDS: off

CodeHeap 'non-profiled nmethods': size=120000Kb used=1682Kb max_used=1682Kb free=118317Kb
 bounds [0x000001865a580000, 0x000001865a7f0000, 0x0000018661ab0000]
CodeHeap 'profiled nmethods': size=120000Kb used=7620Kb max_used=7620Kb free=112379Kb
 bounds [0x0000018653050000, 0x00000186537d0000, 0x000001865a580000]
CodeHeap 'non-nmethods': size=5760Kb used=1591Kb max_used=1611Kb free=4168Kb
 bounds [0x0000018652ab0000, 0x0000018652d20000, 0x0000018653050000]
 total_blobs=4187 nmethods=3561 adapters=537
 compilation: enabled
              stopped_count=0, restarted_count=0
 full_count=0

Compilation events (20 events):
Event: 50.686 Thread 0x000001866a1f2800 3549       3       org.codehaus.groovy.vmplugin.v9.Java9$$Lambda$397/0x0000000100558040::apply (8 bytes)
Event: 50.687 Thread 0x000001866a1f2800 nmethod 3549 0x00000186537a4190 code [0x00000186537a43c0, 0x00000186537a48c8]
Event: 50.687 Thread 0x000001866a1f2800 3547       3       org.codehaus.groovy.vmplugin.v9.Java9$$Lambda$396/0x0000000100532440::get$Lambda (9 bytes)
Event: 50.688 Thread 0x000001866a1f2800 nmethod 3547 0x00000186537a4b10 code [0x00000186537a4ce0, 0x00000186537a4f38]
Event: 50.688 Thread 0x000001866a1f2800 3548       3       org.codehaus.groovy.vmplugin.v9.Java9$$Lambda$396/0x0000000100532440::<init> (10 bytes)
Event: 50.688 Thread 0x000001866a1f2800 nmethod 3548 0x00000186537a5010 code [0x00000186537a51c0, 0x00000186537a5378]
Event: 50.688 Thread 0x000001866a1f2800 3550       3       org.codehaus.groovy.vmplugin.v9.Java9::lambda$doFindClasses$2 (28 bytes)
Event: 50.690 Thread 0x000001866a1f2800 nmethod 3550 0x00000186537a5410 code [0x00000186537a5660, 0x00000186537a5dd8]
Event: 50.690 Thread 0x000001866a1f2800 3553       3       java.util.stream.Collectors::lambda$uniqKeysMapAccumulator$1 (49 bytes)
Event: 50.693 Thread 0x000001866a1f2800 nmethod 3553 0x00000186537a6090 code [0x00000186537a63a0, 0x00000186537a75e8]
Event: 50.713 Thread 0x000001866a1f2800 3557       3       java.util.HashMap::putMapEntries (154 bytes)
Event: 50.715 Thread 0x000001866a1f2800 nmethod 3557 0x00000186537a7b90 code [0x00000186537a7e60, 0x00000186537a8b88]
Event: 50.724 Thread 0x000001866a1f2800 3560       3       groovy.lang.MetaClassImpl::checkIfGroovyObjectMethod (57 bytes)
Event: 50.727 Thread 0x000001866a1f2800 nmethod 3560 0x00000186537a8f10 code [0x00000186537a91a0, 0x00000186537a9ed8]
Event: 50.727 Thread 0x000001866a1f2800 3562       3       org.codehaus.groovy.runtime.metaclass.MetaMethodIndex::copyNonPrivateMethods (149 bytes)
Event: 50.729 Thread 0x000001866a1f2800 nmethod 3562 0x00000186537aa190 code [0x00000186537aa420, 0x00000186537ab098]
Event: 50.729 Thread 0x000001866a1f2800 3561       3       groovy.lang.MetaClassImpl::isGenericGetMethod (44 bytes)
Event: 50.730 Thread 0x000001866a1f2800 nmethod 3561 0x00000186537ab490 code [0x00000186537ab680, 0x00000186537abb08]
Event: 50.735 Thread 0x000001866a1f2800 3564   !   2       jdk.internal.loader.URLClassPath$JarLoader::getResource (353 bytes)
Event: 50.742 Thread 0x000001866a1f2800 nmethod 3564 0x00000186537abc90 code [0x00000186537ac020, 0x00000186537ad018]

GC Heap History (12 events):
Event: 6.351 GC heap before
{Heap before GC invocations=0 (full 0):
 garbage-first heap   total 129024K, used 30720K [0x0000000080000000, 0x0000000100000000)
  region size 1024K, 24 young (24576K), 0 survivors (0K)
 Metaspace       used 9885K, capacity 10122K, committed 10368K, reserved 1058816K
  class space    used 1029K, capacity 1102K, committed 1152K, reserved 1048576K
}
Event: 6.365 GC heap after
{Heap after GC invocations=1 (full 0):
 garbage-first heap   total 129024K, used 9270K [0x0000000080000000, 0x0000000100000000)
  region size 1024K, 3 young (3072K), 3 survivors (3072K)
 Metaspace       used 9885K, capacity 10122K, committed 10368K, reserved 1058816K
  class space    used 1029K, capacity 1102K, committed 1152K, reserved 1048576K
}
Event: 24.317 GC heap before
{Heap before GC invocations=1 (full 0):
 garbage-first heap   total 129024K, used 82998K [0x0000000080000000, 0x0000000100000000)
  region size 1024K, 75 young (76800K), 3 survivors (3072K)
 Metaspace       used 17985K, capacity 18408K, committed 18688K, reserved 1064960K
  class space    used 2118K, capacity 2258K, committed 2304K, reserved 1048576K
}
Event: 24.383 GC heap after
{Heap after GC invocations=2 (full 0):
 garbage-first heap   total 129024K, used 16150K [0x0000000080000000, 0x0000000100000000)
  region size 1024K, 10 young (10240K), 10 survivors (10240K)
 Metaspace       used 17985K, capacity 18408K, committed 18688K, reserved 1064960K
  class space    used 2118K, capacity 2258K, committed 2304K, reserved 1048576K
}
Event: 27.708 GC heap before
{Heap before GC invocations=2 (full 0):
 garbage-first heap   total 129024K, used 42774K [0x0000000080000000, 0x0000000100000000)
  region size 1024K, 37 young (37888K), 10 survivors (10240K)
 Metaspace       used 20672K, capacity 21153K, committed 21248K, reserved 1067008K
  class space    used 2533K, capacity 2726K, committed 2816K, reserved 1048576K
}
Event: 27.728 GC heap after
{Heap after GC invocations=3 (full 0):
 garbage-first heap   total 129024K, used 17357K [0x0000000080000000, 0x0000000100000000)
  region size 1024K, 2 young (2048K), 2 survivors (2048K)
 Metaspace       used 20672K, capacity 21153K, committed 21248K, reserved 1067008K
  class space    used 2533K, capacity 2726K, committed 2816K, reserved 1048576K
}
Event: 31.835 GC heap before
{Heap before GC invocations=4 (full 0):
 garbage-first heap   total 129024K, used 70605K [0x0000000080000000, 0x0000000100000000)
  region size 1024K, 55 young (56320K), 2 survivors (2048K)
 Metaspace       used 26490K, capacity 27057K, committed 27264K, reserved 1073152K
  class space    used 3425K, capacity 3635K, committed 3712K, reserved 1048576K
}
Event: 31.843 GC heap after
{Heap after GC invocations=5 (full 0):
 garbage-first heap   total 129024K, used 19066K [0x0000000080000000, 0x0000000100000000)
  region size 1024K, 3 young (3072K), 3 survivors (3072K)
 Metaspace       used 26490K, capacity 27057K, committed 27264K, reserved 1073152K
  class space    used 3425K, capacity 3635K, committed 3712K, reserved 1048576K
}
Event: 43.755 GC heap before
{Heap before GC invocations=5 (full 0):
 garbage-first heap   total 129024K, used 91770K [0x0000000080000000, 0x0000000100000000)
  region size 1024K, 64 young (65536K), 3 survivors (3072K)
 Metaspace       used 31499K, capacity 32411K, committed 32512K, reserved 1077248K
  class space    used 4224K, capacity 4544K, committed 4608K, reserved 1048576K
}
Event: 43.766 GC heap after
{Heap after GC invocations=6 (full 0):
 garbage-first heap   total 129024K, used 33903K [0x0000000080000000, 0x0000000100000000)
  region size 1024K, 8 young (8192K), 8 survivors (8192K)
 Metaspace       used 31499K, capacity 32411K, committed 32512K, reserved 1077248K
  class space    used 4224K, capacity 4544K, committed 4608K, reserved 1048576K
}
Event: 46.726 GC heap before
{Heap before GC invocations=6 (full 0):
 garbage-first heap   total 129024K, used 54383K [0x0000000080000000, 0x0000000100000000)
  region size 1024K, 29 young (29696K), 8 survivors (8192K)
 Metaspace       used 34728K, capacity 35701K, committed 35840K, reserved 1079296K
  class space    used 4644K, capacity 5002K, committed 5120K, reserved 1048576K
}
Event: 46.760 GC heap after
{Heap after GC invocations=7 (full 0):
 garbage-first heap   total 129024K, used 35381K [0x0000000080000000, 0x0000000100000000)
  region size 1024K, 2 young (2048K), 2 survivors (2048K)
 Metaspace       used 34728K, capacity 35701K, committed 35840K, reserved 1079296K
  class space    used 4644K, capacity 5002K, committed 5120K, reserved 1048576K
}

Deoptimization events (20 events):
Event: 50.026 Thread 0x000001866be01800 Uncommon trap: trap_request=0xffffffbe fr.pc=0x000001865a7156bc relative=0x000000000000053c
Event: 50.026 Thread 0x000001866be01800 Uncommon trap: reason=profile_predicate action=maybe_recompile pc=0x000001865a7156bc method=java.util.stream.ReferencePipeline.forEachWithCancel(Ljava/util/Spliterator;Ljava/util/stream/Sink;)Z @ 8 c2
Event: 50.026 Thread 0x000001866be01800 DEOPT PACKING pc=0x000001865a7156bc sp=0x0000005e9cdfe4f0
Event: 50.026 Thread 0x000001866be01800 DEOPT UNPACKING pc=0x0000018652afa1af sp=0x0000005e9cdfe490 mode 2
Event: 50.273 Thread 0x000001866b280000 Uncommon trap: trap_request=0xffffffbe fr.pc=0x000001865a71d6c8 relative=0x0000000000000968
Event: 50.273 Thread 0x000001866b280000 Uncommon trap: reason=profile_predicate action=maybe_recompile pc=0x000001865a71d6c8 method=jdk.internal.jimage.ImageStringsReader.charsFromByteBuffer([CLjava/nio/ByteBuffer;)V @ 6 c2
Event: 50.273 Thread 0x000001866b280000 DEOPT PACKING pc=0x000001865a71d6c8 sp=0x0000005e9d3f7110
Event: 50.273 Thread 0x000001866b280000 DEOPT UNPACKING pc=0x0000018652afa1af sp=0x0000005e9d3f6fe8 mode 2
Event: 50.273 Thread 0x000001866b280000 Uncommon trap: trap_request=0xffffffbe fr.pc=0x000001865a71d6c8 relative=0x0000000000000968
Event: 50.273 Thread 0x000001866b280000 Uncommon trap: reason=profile_predicate action=maybe_recompile pc=0x000001865a71d6c8 method=jdk.internal.jimage.ImageStringsReader.charsFromByteBuffer([CLjava/nio/ByteBuffer;)V @ 6 c2
Event: 50.273 Thread 0x000001866b280000 DEOPT PACKING pc=0x000001865a71d6c8 sp=0x0000005e9d3f7060
Event: 50.273 Thread 0x000001866b280000 DEOPT UNPACKING pc=0x0000018652afa1af sp=0x0000005e9d3f6f38 mode 2
Event: 50.274 Thread 0x000001866b280000 Uncommon trap: trap_request=0xffffffbe fr.pc=0x000001865a71d6c8 relative=0x0000000000000968
Event: 50.274 Thread 0x000001866b280000 Uncommon trap: reason=profile_predicate action=maybe_recompile pc=0x000001865a71d6c8 method=jdk.internal.jimage.ImageStringsReader.charsFromByteBuffer([CLjava/nio/ByteBuffer;)V @ 6 c2
Event: 50.274 Thread 0x000001866b280000 DEOPT PACKING pc=0x000001865a71d6c8 sp=0x0000005e9d3f6e80
Event: 50.274 Thread 0x000001866b280000 DEOPT UNPACKING pc=0x0000018652afa1af sp=0x0000005e9d3f6d58 mode 2
Event: 50.274 Thread 0x000001866b280000 Uncommon trap: trap_request=0xffffffbe fr.pc=0x000001865a71d6c8 relative=0x0000000000000968
Event: 50.274 Thread 0x000001866b280000 Uncommon trap: reason=profile_predicate action=maybe_recompile pc=0x000001865a71d6c8 method=jdk.internal.jimage.ImageStringsReader.charsFromByteBuffer([CLjava/nio/ByteBuffer;)V @ 6 c2
Event: 50.274 Thread 0x000001866b280000 DEOPT PACKING pc=0x000001865a71d6c8 sp=0x0000005e9d3f6e80
Event: 50.274 Thread 0x000001866b280000 DEOPT UNPACKING pc=0x0000018652afa1af sp=0x0000005e9d3f6d58 mode 2

Classes redefined (0 events):
No events

Internal exceptions (20 events):
Event: 43.385 Thread 0x000001866b280000 Exception <a 'java/lang/NoSuchMethodError'{0x00000000842381d8}: 'java.lang.Object java.lang.invoke.Invokers$Holder.linkToTargetMethod(java.lang.Object, java.lang.Object, java.lang.Object, java.lang.Object, java.lang.Object, java.lang.Object, java.lang.Object, java.lang.Object)'> (0x00000000842381d8) thrown at [./src/hotspot/share/interpreter/linkResolver.cpp, line 773]
Event: 43.409 Thread 0x000001866b280000 Exception <a 'java/lang/NoSuchMethodError'{0x00000000842866e8}: 'java.lang.Object java.lang.invoke.Invokers$Holder.linkToTargetMethod(java.lang.Object, java.lang.Object, java.lang.Object, java.lang.Object, java.lang.Object, java.lang.Object, java.lang.Object)'> (0x00000000842866e8) thrown at [./src/hotspot/share/interpreter/linkResolver.cpp, line 773]
Event: 43.425 Thread 0x000001866b280000 Exception <a 'java/lang/IncompatibleClassChangeError'{0x00000000842c6838}: Found class java.lang.Object, but interface was expected> (0x00000000842c6838) thrown at [./src/hotspot/share/interpreter/linkResolver.cpp, line 839]
Event: 44.949 Thread 0x000001866b280000 Exception <a 'java/lang/NoSuchMethodError'{0x000000008727b328}: 'int java.lang.invoke.DirectMethodHandle$Holder.invokeStatic(java.lang.Object, java.lang.Object, java.lang.Object, java.lang.Object, java.lang.Object)'> (0x000000008727b328) thrown at [./src/hotspot/share/interpreter/linkResolver.cpp, line 773]
Event: 45.313 Thread 0x000001866b280000 Exception <a 'java/lang/NoSuchMethodError'{0x0000000087098f70}: 'void java.lang.invoke.DirectMethodHandle$Holder.invokeStaticInit(java.lang.Object, java.lang.Object, java.lang.Object, java.lang.Object)'> (0x0000000087098f70) thrown at [./src/hotspot/share/interpreter/linkResolver.cpp, line 773]
Event: 46.156 Thread 0x000001866b280000 Exception <a 'java/lang/NoSuchMethodError'{0x0000000086ce97b0}: 'void java.lang.invoke.DirectMethodHandle$Holder.invokeStaticInit(java.lang.Object, java.lang.Object, java.lang.Object)'> (0x0000000086ce97b0) thrown at [./src/hotspot/share/interpreter/linkResolver.cpp, line 773]
Event: 46.179 Thread 0x000001866b280000 Exception <a 'java/lang/NoSuchMethodError'{0x0000000086b0f898}: 'void java.lang.invoke.DirectMethodHandle$Holder.invokeStaticInit(java.lang.Object, java.lang.Object, java.lang.Object, java.lang.Object, java.lang.Object)'> (0x0000000086b0f898) thrown at [./src/hotspot/share/interpreter/linkResolver.cpp, line 773]
Event: 46.542 Thread 0x000001866b280000 Exception <a 'java/lang/NoSuchMethodError'{0x0000000086b87d90}: 'int java.lang.invoke.DirectMethodHandle$Holder.invokeStaticInit(java.lang.Object, java.lang.Object, java.lang.Object, java.lang.Object)'> (0x0000000086b87d90) thrown at [./src/hotspot/share/interpreter/linkResolver.cpp, line 773]
Event: 48.013 Thread 0x000001866b280000 Exception <a 'java/lang/NoSuchMethodError'{0x000000008767b2c8}: 'java.lang.Object java.lang.invoke.DirectMethodHandle$Holder.invokeStatic(java.lang.Object, java.lang.Object, java.lang.Object, java.lang.Object, java.lang.Object, java.lang.Object, java.lang.Object, java.lang.Object, java.lang.Object, java.lang.Object, java.lang.Object, int)'> (0x000000008767b2c8) thrown at [./src/hotspot/share/interpreter/linkResolver.cpp, line 773]
Event: 48.018 Thread 0x000001866b280000 Exception <a 'java/lang/NoSuchMethodError'{0x000000008769a400}: 'java.lang.Object java.lang.invoke.DirectMethodHandle$Holder.invokeStatic(java.lang.Object, java.lang.Object, java.lang.Object, java.lang.Object, java.lang.Object, java.lang.Object, java.lang.Object, java.lang.Object, java.lang.Object, java.lang.Object, java.lang.Object, int, int)'> (0x000000008769a400) thrown at [./src/hotspot/share/interpreter/linkResolver.cpp, line 773]
Event: 48.023 Thread 0x000001866b280000 Exception <a 'java/lang/NoSuchMethodError'{0x00000000876ba180}: 'java.lang.Object java.lang.invoke.DirectMethodHandle$Holder.invokeStatic(java.lang.Object, java.lang.Object, java.lang.Object, java.lang.Object, java.lang.Object, java.lang.Object, java.lang.Object, java.lang.Object, java.lang.Object, java.lang.Object, java.lang.Object, int, int, java.lang.Object)'> (0x00000000876ba180) thrown at [./src/hotspot/share/interpreter/linkResolver.cpp, line 773]
Event: 48.029 Thread 0x000001866b280000 Exception <a 'java/lang/NoSuchMethodError'{0x00000000876db7c8}: 'java.lang.Object java.lang.invoke.DirectMethodHandle$Holder.invokeStatic(java.lang.Object, java.lang.Object, java.lang.Object, java.lang.Object, java.lang.Object, java.lang.Object, java.lang.Object, java.lang.Object, java.lang.Object, java.lang.Object, java.lang.Object, int, int, java.lang.Object, java.lang.Object)'> (0x00000000876db7c8) thrown at [./src/hotspot/share/interpreter/linkResolver.cpp, line 773]
Event: 48.037 Thread 0x000001866b280000 Exception <a 'java/lang/ClassNotFoundException'{0x000000008750cf88}: groovy/lang/ExpandoMetaClassBeanInfo> (0x000000008750cf88) thrown at [./src/hotspot/share/classfile/systemDictionary.cpp, line 231]
Event: 48.040 Thread 0x000001866b280000 Exception <a 'java/lang/ClassNotFoundException'{0x000000008752e538}: groovy/lang/MetaClassImplBeanInfo> (0x000000008752e538) thrown at [./src/hotspot/share/classfile/systemDictionary.cpp, line 231]
Event: 48.041 Thread 0x000001866b280000 Exception <a 'java/lang/ClassNotFoundException'{0x0000000087538290}: java/lang/ObjectBeanInfo> (0x0000000087538290) thrown at [./src/hotspot/share/classfile/systemDictionary.cpp, line 231]
Event: 48.044 Thread 0x000001866b280000 Exception <a 'java/lang/ClassNotFoundException'{0x0000000087544428}: java/lang/ObjectCustomizer> (0x0000000087544428) thrown at [./src/hotspot/share/classfile/systemDictionary.cpp, line 231]
Event: 48.061 Thread 0x000001866b280000 Exception <a 'java/lang/ClassNotFoundException'{0x000000008756c728}: groovy/lang/MetaClassImplCustomizer> (0x000000008756c728) thrown at [./src/hotspot/share/classfile/systemDictionary.cpp, line 231]
Event: 48.139 Thread 0x000001866b280000 Exception <a 'java/lang/ClassNotFoundException'{0x00000000875ad938}: groovy/lang/ExpandoMetaClassCustomizer> (0x00000000875ad938) thrown at [./src/hotspot/share/classfile/systemDictionary.cpp, line 231]
Event: 50.735 Thread 0x000001866b280000 Exception <a 'java/lang/ClassNotFoundException'{0x0000000085a08e68}: groovy/lang/BindingBeanInfo> (0x0000000085a08e68) thrown at [./src/hotspot/share/classfile/systemDictionary.cpp, line 231]
Event: 50.737 Thread 0x000001866b280000 Exception <a 'java/lang/ClassNotFoundException'{0x0000000085a2b650}: groovy/lang/GroovyObjectSupportBeanInfo> (0x0000000085a2b650) thrown at [./src/hotspot/share/classfile/systemDictionary.cpp, line 231]

Events (20 events):
Event: 50.718 loading class org/codehaus/groovy/runtime/memoize/EvictableCache$Action
Event: 50.718 loading class org/codehaus/groovy/runtime/memoize/EvictableCache$Action done
Event: 50.722 loading class groovy/runtime/metaclass/groovy/lang/BindingMetaClass
Event: 50.722 loading class groovy/runtime/metaclass/groovy/lang/BindingMetaClass done
Event: 50.727 loading class groovy/lang/BindingBeanInfo
Event: 50.727 loading class groovy/lang/BindingBeanInfo done
Event: 50.732 loading class groovy/lang/BindingBeanInfo
Event: 50.732 loading class groovy/lang/BindingBeanInfo done
Event: 50.734 loading class groovy/lang/BindingBeanInfo
Event: 50.734 loading class groovy/lang/BindingBeanInfo done
Event: 50.735 loading class groovy/lang/GroovyObjectSupportBeanInfo
Event: 50.735 loading class groovy/lang/GroovyObjectSupportBeanInfo done
Event: 50.736 loading class groovy/lang/GroovyObjectSupportBeanInfo
Event: 50.736 loading class groovy/lang/GroovyObjectSupportBeanInfo done
Event: 50.737 loading class groovy/lang/GroovyObjectSupportBeanInfo
Event: 50.737 loading class groovy/lang/GroovyObjectSupportBeanInfo done
Event: 50.737 loading class groovy/lang/GroovyObjectSupportCustomizer
Event: 50.737 loading class groovy/lang/GroovyObjectSupportCustomizer done
Event: 50.753 loading class groovy/lang/GroovyObjectSupportCustomizer
Event: 50.753 loading class groovy/lang/GroovyObjectSupportCustomizer done


Dynamic libraries:
0x00007ff655050000 - 0x00007ff65505a000 	D:\program\andoidd\jre\bin\java.exe
0x00007ffabfa00000 - 0x00007ffabfc09000 	C:\WINDOWS\SYSTEM32\ntdll.dll
0x00007ffabed50000 - 0x00007ffabee0d000 	C:\WINDOWS\System32\KERNEL32.DLL
0x00007ffabd0b0000 - 0x00007ffabd429000 	C:\WINDOWS\System32\KERNELBASE.dll
0x00007ffabcf10000 - 0x00007ffabd021000 	C:\WINDOWS\System32\ucrtbase.dll
0x00007ffab07d0000 - 0x00007ffab07e9000 	D:\program\andoidd\jre\bin\jli.dll
0x00007ffab0710000 - 0x00007ffab0727000 	D:\program\andoidd\jre\bin\VCRUNTIME140.dll
0x00007ffabe130000 - 0x00007ffabe2dc000 	C:\WINDOWS\System32\USER32.dll
0x00007ffabcee0000 - 0x00007ffabcf06000 	C:\WINDOWS\System32\win32u.dll
0x00007ffabd940000 - 0x00007ffabd969000 	C:\WINDOWS\System32\GDI32.dll
0x00007ffabd6b0000 - 0x00007ffabd7c2000 	C:\WINDOWS\System32\gdi32full.dll
0x00007ffabd610000 - 0x00007ffabd6ad000 	C:\WINDOWS\System32\msvcp_win.dll
0x00007ffaa6b90000 - 0x00007ffaa6e35000 	C:\WINDOWS\WinSxS\amd64_microsoft.windows.common-controls_6595b64144ccf1df_6.0.22000.120_none_9d947278b86cc467\COMCTL32.dll
0x00007ffabd890000 - 0x00007ffabd933000 	C:\WINDOWS\System32\msvcrt.dll
0x00007ffabe420000 - 0x00007ffabe451000 	C:\WINDOWS\System32\IMM32.DLL
0x00007ffa88b70000 - 0x00007ffa88c0d000 	D:\program\andoidd\jre\bin\msvcp140.dll
0x00007ffa53780000 - 0x00007ffa54265000 	D:\program\andoidd\jre\bin\server\jvm.dll
0x00007ffabf2f0000 - 0x00007ffabf39e000 	C:\WINDOWS\System32\ADVAPI32.dll
0x00007ffabe480000 - 0x00007ffabe51e000 	C:\WINDOWS\System32\sechost.dll
0x00007ffabee10000 - 0x00007ffabef30000 	C:\WINDOWS\System32\RPCRT4.dll
0x00007ffabecb0000 - 0x00007ffabecb8000 	C:\WINDOWS\System32\PSAPI.DLL
0x00007ffab6c80000 - 0x00007ffab6cb3000 	C:\WINDOWS\SYSTEM32\WINMM.dll
0x00007ffaa4ae0000 - 0x00007ffaa4ae9000 	C:\WINDOWS\SYSTEM32\WSOCK32.dll
0x00007ffab5730000 - 0x00007ffab573a000 	C:\WINDOWS\SYSTEM32\VERSION.dll
0x00007ffabe3b0000 - 0x00007ffabe41f000 	C:\WINDOWS\System32\WS2_32.dll
0x00007ffabc0d0000 - 0x00007ffabc0e8000 	C:\WINDOWS\SYSTEM32\kernel.appcore.dll
0x00007ffab04f0000 - 0x00007ffab0501000 	D:\program\andoidd\jre\bin\verify.dll
0x00007ffabab90000 - 0x00007ffabadb1000 	C:\WINDOWS\SYSTEM32\DBGHELP.DLL
0x00007ffaa6650000 - 0x00007ffaa6681000 	C:\WINDOWS\SYSTEM32\dbgcore.DLL
0x00007ffabd030000 - 0x00007ffabd0af000 	C:\WINDOWS\System32\bcryptPrimitives.dll
0x00007ffa84240000 - 0x00007ffa84269000 	D:\program\andoidd\jre\bin\java.dll
0x00007ffab0c10000 - 0x00007ffab0c1b000 	D:\program\andoidd\jre\bin\jimage.dll
0x00007ffaa98d0000 - 0x00007ffaa98e8000 	D:\program\andoidd\jre\bin\zip.dll
0x00007ffabd970000 - 0x00007ffabe128000 	C:\WINDOWS\System32\SHELL32.dll
0x00007ffabb010000 - 0x00007ffabb878000 	C:\WINDOWS\SYSTEM32\windows.storage.dll
0x00007ffabf640000 - 0x00007ffabf9b9000 	C:\WINDOWS\System32\combase.dll
0x00007ffabaea0000 - 0x00007ffabb006000 	C:\WINDOWS\SYSTEM32\wintypes.dll
0x00007ffabe530000 - 0x00007ffabe61a000 	C:\WINDOWS\System32\SHCORE.dll
0x00007ffabe350000 - 0x00007ffabe3ad000 	C:\WINDOWS\System32\shlwapi.dll
0x00007ffabce10000 - 0x00007ffabce31000 	C:\WINDOWS\SYSTEM32\profapi.dll
0x00007ffa95c90000 - 0x00007ffa95caa000 	D:\program\andoidd\jre\bin\net.dll
0x00007ffab5d80000 - 0x00007ffab5e8c000 	C:\WINDOWS\SYSTEM32\WINHTTP.dll
0x00007ffabc500000 - 0x00007ffabc567000 	C:\WINDOWS\system32\mswsock.dll
0x00007ffa911f0000 - 0x00007ffa91204000 	D:\program\andoidd\jre\bin\nio.dll
0x00007ffaaaf40000 - 0x00007ffaaaf67000 	C:\Users\noof3\.gradle\native\e1d6ef7f7dcc3fd88c89a11ec53ec762bb8ba0a96d01ffa2cd45eb1d1d8dd5c5\windows-amd64\native-platform.dll
0x00007ffa79030000 - 0x00007ffa79174000 	C:\Users\noof3\.gradle\native\5664cfc778a61ccfe75a443a1ab52a65af34e5dc3c78e0209fed803814484fcb\windows-amd64\native-platform-file-events.dll
0x00007ffab0bc0000 - 0x00007ffab0bca000 	D:\program\andoidd\jre\bin\management.dll
0x00007ffab07c0000 - 0x00007ffab07cd000 	D:\program\andoidd\jre\bin\management_ext.dll
0x00007ffabc740000 - 0x00007ffabc758000 	C:\WINDOWS\SYSTEM32\CRYPTSP.dll
0x00007ffabc030000 - 0x00007ffabc065000 	C:\WINDOWS\system32\rsaenh.dll
0x00007ffabc5f0000 - 0x00007ffabc619000 	C:\WINDOWS\SYSTEM32\USERENV.dll
0x00007ffabc8c0000 - 0x00007ffabc8e7000 	C:\WINDOWS\SYSTEM32\bcrypt.dll
0x00007ffabc760000 - 0x00007ffabc76c000 	C:\WINDOWS\SYSTEM32\CRYPTBASE.dll
0x00007ffabbbc0000 - 0x00007ffabbbed000 	C:\WINDOWS\SYSTEM32\IPHLPAPI.DLL
0x00007ffabe520000 - 0x00007ffabe529000 	C:\WINDOWS\System32\NSI.dll
0x00007ffab63a0000 - 0x00007ffab63b9000 	C:\WINDOWS\SYSTEM32\dhcpcsvc6.DLL
0x00007ffab6780000 - 0x00007ffab679e000 	C:\WINDOWS\SYSTEM32\dhcpcsvc.DLL
0x00007ffabbc30000 - 0x00007ffabbd18000 	C:\WINDOWS\SYSTEM32\DNSAPI.dll

dbghelp: loaded successfully - version: 4.0.5 - missing functions: none
symbol engine: initialized successfully - sym options: 0x614 - pdb path: .;D:\program\andoidd\jre\bin;C:\WINDOWS\SYSTEM32;C:\WINDOWS\WinSxS\amd64_microsoft.windows.common-controls_6595b64144ccf1df_6.0.22000.120_none_9d947278b86cc467;D:\program\andoidd\jre\bin\server;C:\Users\noof3\.gradle\native\e1d6ef7f7dcc3fd88c89a11ec53ec762bb8ba0a96d01ffa2cd45eb1d1d8dd5c5\windows-amd64;C:\Users\noof3\.gradle\native\5664cfc778a61ccfe75a443a1ab52a65af34e5dc3c78e0209fed803814484fcb\windows-amd64

VM Arguments:
jvm_args: --add-opens=java.base/java.util=ALL-UNNAMED --add-opens=java.base/java.lang=ALL-UNNAMED --add-opens=java.base/java.lang.invoke=ALL-UNNAMED --add-opens=java.base/java.util=ALL-UNNAMED --add-opens=java.prefs/java.util.prefs=ALL-UNNAMED --add-opens=java.prefs/java.util.prefs=ALL-UNNAMED --add-opens=java.base/java.nio.charset=ALL-UNNAMED --add-opens=java.base/java.net=ALL-UNNAMED --add-opens=java.base/java.util.concurrent.atomic=ALL-UNNAMED -Xmx2048m -Dfile.encoding=UTF-8 -Duser.country=US -Duser.language=en -Duser.variant 
java_command: org.gradle.launcher.daemon.bootstrap.GradleDaemon 7.3.3
java_class_path (initial): C:\Users\noof3\.gradle\wrapper\dists\gradle-7.3.3-bin\6a41zxkdtcxs8rphpq6y0069z\gradle-7.3.3\lib\gradle-launcher-7.3.3.jar
Launcher Type: SUN_STANDARD

[Global flags]
     intx CICompilerCount                          = 4                                         {product} {ergonomic}
     uint ConcGCThreads                            = 3                                         {product} {ergonomic}
     uint G1ConcRefinementThreads                  = 10                                        {product} {ergonomic}
   size_t G1HeapRegionSize                         = 1048576                                   {product} {ergonomic}
    uintx GCDrainStackTargetSize                   = 64                                        {product} {ergonomic}
   size_t InitialHeapSize                          = 132120576                                 {product} {ergonomic}
   size_t MarkStackSize                            = 4194304                                   {product} {ergonomic}
   size_t MaxHeapSize                              = 2147483648                                {product} {command line}
   size_t MaxNewSize                               = 1287651328                                {product} {ergonomic}
   size_t MinHeapDeltaBytes                        = 1048576                                   {product} {ergonomic}
    uintx NonNMethodCodeHeapSize                   = 5836300                                {pd product} {ergonomic}
    uintx NonProfiledCodeHeapSize                  = 122910970                              {pd product} {ergonomic}
    uintx ProfiledCodeHeapSize                     = 122910970                              {pd product} {ergonomic}
    uintx ReservedCodeCacheSize                    = 251658240                              {pd product} {ergonomic}
     bool SegmentedCodeCache                       = true                                      {product} {ergonomic}
     bool UseCompressedClassPointers               = true                                 {lp64_product} {ergonomic}
     bool UseCompressedOops                        = true                                 {lp64_product} {ergonomic}
     bool UseG1GC                                  = true                                      {product} {ergonomic}
     bool UseLargePagesIndividualAllocation        = false                                  {pd product} {ergonomic}

Logging:
Log output configuration:
 #0: stdout all=warning uptime,level,tags
 #1: stderr all=off uptime,level,tags

Environment Variables:
JAVA_HOME=C:\Program Files\Java\jdk-18.0.1.1
PATH=C:\Program Files\Common Files\Oracle\Java\javapath;C:\Program Files (x86)\Intel\Intel(R) Management Engine Components\iCLS\;C:\Program Files\Intel\Intel(R) Management Engine Components\iCLS\;C:\Windows\system32;C:\Windows;C:\Windows\System32\Wbem;C:\Windows\System32\WindowsPowerShell\v1.0\;C:\Windows\System32\OpenSSH\;C:\Program Files (x86)\NVIDIA Corporation\PhysX\Common;C:\Program Files (x86)\Intel\Intel(R) Management Engine Components\DAL;C:\Program Files\Intel\Intel(R) Management Engine Components\DAL;C:\Program Files (x86)\Intel\Intel(R) Management Engine Components\IPT;C:\Program Files\Intel\Intel(R) Management Engine Components\IPT;C:\Program Files\Intel\WiFi\bin\;C:\Program Files\Common Files\Intel\WirelessCommon\;C:\WINDOWS\system32;C:\WINDOWS;C:\WINDOWS\System32\Wbem;C:\WINDOWS\System32\WindowsPowerShell\v1.0\;C:\WINDOWS\System32\OpenSSH\;C:\Program Files\Git\cmd;C:\Program Files\Java\jdk-18.0.1.1\bin;C:\Users\noof3\AppData\Local\Microsoft\WindowsApps;;D:\program\Microsoft VS Code\bin
USERNAME=noof3
OS=Windows_NT
PROCESSOR_IDENTIFIER=Intel64 Family 6 Model 158 Stepping 10, GenuineIntel



---------------  S Y S T E M  ---------------

OS: Windows 10 , 64 bit Build 22000 (10.0.22000.708)
OS uptime: 0 days 23:53 hours

CPU:total 12 (initial active 12) (6 cores per cpu, 2 threads per core) family 6 model 158 stepping 10 microcode 0xf0, cmov, cx8, fxsr, mmx, sse, sse2, sse3, ssse3, sse4.1, sse4.2, popcnt, avx, avx2, aes, clmul, erms, 3dnowpref, lzcnt, ht, tsc, tscinvbit, bmi1, bmi2, adx, fma

Memory: 4k page, system-wide physical 8050M (138M free)
TotalPageFile size 21178M (AvailPageFile size 4M)
current process WorkingSet (physical memory assigned to process): 246M, peak: 246M
current process commit charge ("private bytes"): 297M, peak: 298M

vm_info: OpenJDK 64-Bit Server VM (11.0.12+7-b1504.28-7817840) for windows-amd64 JRE (11.0.12+7-b1504.28-7817840), built on Oct 13 2021 22:12:33 by "builder" with MS VC++ 14.0 (VS2015)

END.
